# JRE version: OpenJDK Runtime Environment Corretto-17.0.13.11.1 (17.0.13+11) (build 17.0.13+11-LTS)
# Java VM: OpenJDK 64-Bit Server VM Corretto-17.0.13.11.1 (17.0.13+11-LTS, mixed mode, sharing, tiered, compressed oops, compressed class ptrs, g1 gc, windows-amd64)
GC Precious Log:
 CPUs: 4 total, 4 available
 Memory: 6080M
 Large Page Support: Disabled
 NUMA Support: Disabled
 Compressed Oops: Enabled (32-bit)
 Heap Region Size: 1M
 Heap Min Capacity: 8M
 Heap Initial Capacity: 96M
 Heap Max Capacity: 1522M
 Pre-touch: Disabled
 Parallel Workers: 4
 Concurrent Workers: 1
 Concurrent Refinement Workers: 4
 Periodic GC: Disabled
Heap:
 garbage-first heap   total 78848K, used 46302K [0x00000000a0e00000, 0x0000000100000000)
  region size 1024K, 12 young (12288K), 1 survivors (1024K)
 Metaspace       used 78605K, committed 79232K, reserved 1179648K
  class space    used 10477K, committed 10816K, reserved 1048576K
GC Heap History (20 events):
Event: 15.613 GC heap before
{Heap before GC invocations=20 (full 0):
 garbage-first heap   total 51200K, used 41030K [0x00000000a0e00000, 0x0000000100000000)
  region size 1024K, 15 young (15360K), 2 survivors (2048K)
 Metaspace       used 65586K, committed 66112K, reserved 1114112K
  class space    used 9093K, committed 9344K, reserved 1048576K
}
Event: 15.618 GC heap after
{Heap after GC invocations=21 (full 0):
 garbage-first heap   total 51200K, used 28399K [0x00000000a0e00000, 0x0000000100000000)
  region size 1024K, 1 young (1024K), 1 survivors (1024K)
 Metaspace       used 65586K, committed 66112K, reserved 1114112K
  class space    used 9093K, committed 9344K, reserved 1048576K
}
Event: 15.843 GC heap before
{Heap before GC invocations=21 (full 0):
 garbage-first heap   total 51200K, used 40687K [0x00000000a0e00000, 0x0000000100000000)
  region size 1024K, 14 young (14336K), 1 survivors (1024K)
 Metaspace       used 66838K, committed 67392K, reserved 1114112K
  class space    used 9273K, committed 9536K, reserved 1048576K
}
Event: 15.846 GC heap after
{Heap after GC invocations=22 (full 0):
 garbage-first heap   total 51200K, used 28774K [0x00000000a0e00000, 0x0000000100000000)
  region size 1024K, 2 young (2048K), 2 survivors (2048K)
 Metaspace       used 66838K, committed 67392K, reserved 1114112K
  class space    used 9273K, committed 9536K, reserved 1048576K
}
Event: 15.960 GC heap before
{Heap before GC invocations=22 (full 0):
 garbage-first heap   total 65536K, used 42086K [0x00000000a0e00000, 0x0000000100000000)
  region size 1024K, 15 young (15360K), 2 survivors (2048K)
 Metaspace       used 66896K, committed 67392K, reserved 1114112K
  class space    used 9274K, committed 9536K, reserved 1048576K
}
Event: 15.968 GC heap after
{Heap after GC invocations=23 (full 0):
 garbage-first heap   total 65536K, used 30639K [0x00000000a0e00000, 0x0000000100000000)
  region size 1024K, 2 young (2048K), 2 survivors (2048K)
 Metaspace       used 66896K, committed 67392K, reserved 1114112K
  class space    used 9274K, committed 9536K, reserved 1048576K
}
Event: 16.639 GC heap before
{Heap before GC invocations=24 (full 0):
 garbage-first heap   total 65536K, used 52143K [0x00000000a0e00000, 0x0000000100000000)
  region size 1024K, 23 young (23552K), 2 survivors (2048K)
 Metaspace       used 69007K, committed 69568K, reserved 1114112K
  class space    used 9555K, committed 9792K, reserved 1048576K
}
Event: 16.647 GC heap after
{Heap after GC invocations=25 (full 0):
 garbage-first heap   total 65536K, used 33243K [0x00000000a0e00000, 0x0000000100000000)
  region size 1024K, 3 young (3072K), 3 survivors (3072K)
 Metaspace       used 69007K, committed 69568K, reserved 1114112K
  class space    used 9555K, committed 9792K, reserved 1048576K
}
Event: 22.234 GC heap before
{Heap before GC invocations=25 (full 0):
 garbage-first heap   total 65536K, used 50651K [0x00000000a0e00000, 0x0000000100000000)
  region size 1024K, 21 young (21504K), 3 survivors (3072K)
 Metaspace       used 71913K, committed 72448K, reserved 1114112K
  class space    used 9912K, committed 10176K, reserved 1048576K
}
Event: 22.244 GC heap after
{Heap after GC invocations=26 (full 0):
 garbage-first heap   total 65536K, used 35629K [0x00000000a0e00000, 0x0000000100000000)
  region size 1024K, 3 young (3072K), 3 survivors (3072K)
 Metaspace       used 71913K, committed 72448K, reserved 1114112K
  class space    used 9912K, committed 10176K, reserved 1048576K
}
Event: 23.206 GC heap before
{Heap before GC invocations=27 (full 0):
 garbage-first heap   total 65536K, used 49965K [0x00000000a0e00000, 0x0000000100000000)
  region size 1024K, 18 young (18432K), 3 survivors (3072K)
 Metaspace       used 74907K, committed 75520K, reserved 1114112K
  class space    used 10374K, committed 10688K, reserved 1048576K
}
Event: 23.217 GC heap after
{Heap after GC invocations=28 (full 0):
 garbage-first heap   total 65536K, used 36584K [0x00000000a0e00000, 0x0000000100000000)
  region size 1024K, 1 young (1024K), 1 survivors (1024K)
 Metaspace       used 74907K, committed 75520K, reserved 1114112K
  class space    used 10374K, committed 10688K, reserved 1048576K
}
Event: 23.543 GC heap before
{Heap before GC invocations=28 (full 0):
 garbage-first heap   total 65536K, used 38632K [0x00000000a0e00000, 0x0000000100000000)
  region size 1024K, 3 young (3072K), 1 survivors (1024K)
 Metaspace       used 75291K, committed 75904K, reserved 1114112K
  class space    used 10420K, committed 10688K, reserved 1048576K
}
Event: 23.555 GC heap after
{Heap after GC invocations=29 (full 0):
 garbage-first heap   total 78848K, used 36289K [0x00000000a0e00000, 0x0000000100000000)
  region size 1024K, 1 young (1024K), 1 survivors (1024K)
 Metaspace       used 75291K, committed 75904K, reserved 1114112K
  class space    used 10420K, committed 10688K, reserved 1048576K
}
Event: 90.948 GC heap before
{Heap before GC invocations=29 (full 0):
 garbage-first heap   total 78848K, used 61889K [0x00000000a0e00000, 0x0000000100000000)
  region size 1024K, 26 young (26624K), 1 survivors (1024K)
 Metaspace       used 77448K, committed 78144K, reserved 1179648K
  class space    used 10471K, committed 10816K, reserved 1048576K
}
Event: 90.952 GC heap after
{Heap after GC invocations=30 (full 0):
 garbage-first heap   total 78848K, used 36723K [0x00000000a0e00000, 0x0000000100000000)
  region size 1024K, 1 young (1024K), 1 survivors (1024K)
 Metaspace       used 77448K, committed 78144K, reserved 1179648K
  class space    used 10471K, committed 10816K, reserved 1048576K
}
Event: 565.548 GC heap before
{Heap before GC invocations=31 (full 0):
 garbage-first heap   total 78848K, used 63347K [0x00000000a0e00000, 0x0000000100000000)
  region size 1024K, 27 young (27648K), 1 survivors (1024K)
 Metaspace       used 78455K, committed 79104K, reserved 1179648K
  class space    used 10475K, committed 10816K, reserved 1048576K
}
Event: 565.553 GC heap after
{Heap after GC invocations=32 (full 0):
 garbage-first heap   total 78848K, used 36762K [0x00000000a0e00000, 0x0000000100000000)
  region size 1024K, 1 young (1024K), 1 survivors (1024K)
 Metaspace       used 78455K, committed 79104K, reserved 1179648K
  class space    used 10475K, committed 10816K, reserved 1048576K
}
Event: 565.859 GC heap before
{Heap before GC invocations=32 (full 0):
 garbage-first heap   total 78848K, used 38810K [0x00000000a0e00000, 0x0000000100000000)
  region size 1024K, 3 young (3072K), 1 survivors (1024K)
 Metaspace       used 78491K, committed 79168K, reserved 1179648K
  class space    used 10475K, committed 10816K, reserved 1048576K
}
Event: 565.863 GC heap after
{Heap after GC invocations=33 (full 0):
 garbage-first heap   total 78848K, used 36062K [0x00000000a0e00000, 0x0000000100000000)
  region size 1024K, 1 young (1024K), 1 survivors (1024K)
 Metaspace       used 78491K, committed 79168K, reserved 1179648K
  class space    used 10475K, committed 10816K, reserved 1048576K
}

