# JRE version: OpenJDK Runtime Environment Corretto-17.0.13.11.1 (17.0.13+11) (build 17.0.13+11-LTS)
# Java VM: OpenJDK 64-Bit Server VM Corretto-17.0.13.11.1 (17.0.13+11-LTS, mixed mode, sharing, tiered, compressed oops, compressed class ptrs, g1 gc, windows-amd64)
GC Precious Log:
 CPUs: 4 total, 4 available
 Memory: 6080M
 Large Page Support: Disabled
 NUMA Support: Disabled
 Compressed Oops: Enabled (32-bit)
 Heap Region Size: 1M
 Heap Min Capacity: 8M
 Heap Initial Capacity: 96M
 Heap Max Capacity: 1522M
 Pre-touch: Disabled
 Parallel Workers: 4
 Concurrent Workers: 1
 Concurrent Refinement Workers: 4
 Periodic GC: Disabled
Heap:
 garbage-first heap   total 182272K, used 88091K [0x00000000a0e00000, 0x0000000100000000)
  region size 1024K, 61 young (62464K), 2 survivors (2048K)
 Metaspace       used 76727K, committed 77376K, reserved 1179648K
  class space    used 10484K, committed 10752K, reserved 1048576K
GC Heap History (20 events):
Event: 9.894 GC heap before
{Heap before GC invocations=13 (full 0):
 garbage-first heap   total 51200K, used 39979K [0x00000000a0e00000, 0x0000000100000000)
  region size 1024K, 22 young (22528K), 3 survivors (3072K)
 Metaspace       used 48766K, committed 49216K, reserved 1114112K
  class space    used 6322K, committed 6528K, reserved 1048576K
}
Event: 9.901 GC heap after
{Heap after GC invocations=14 (full 0):
 garbage-first heap   total 51200K, used 21734K [0x00000000a0e00000, 0x0000000100000000)
  region size 1024K, 2 young (2048K), 2 survivors (2048K)
 Metaspace       used 48766K, committed 49216K, reserved 1114112K
  class space    used 6322K, committed 6528K, reserved 1048576K
}
Event: 10.446 GC heap before
{Heap before GC invocations=14 (full 0):
 garbage-first heap   total 51200K, used 39142K [0x00000000a0e00000, 0x0000000100000000)
  region size 1024K, 20 young (20480K), 2 survivors (2048K)
 Metaspace       used 53986K, committed 54464K, reserved 1114112K
  class space    used 7223K, committed 7424K, reserved 1048576K
}
Event: 10.449 GC heap after
{Heap after GC invocations=15 (full 0):
 garbage-first heap   total 61440K, used 22302K [0x00000000a0e00000, 0x0000000100000000)
  region size 1024K, 2 young (2048K), 2 survivors (2048K)
 Metaspace       used 53986K, committed 54464K, reserved 1114112K
  class space    used 7223K, committed 7424K, reserved 1048576K
}
Event: 11.204 GC heap before
{Heap before GC invocations=15 (full 0):
 garbage-first heap   total 61440K, used 47902K [0x00000000a0e00000, 0x0000000100000000)
  region size 1024K, 28 young (28672K), 2 survivors (2048K)
 Metaspace       used 59181K, committed 59776K, reserved 1114112K
  class space    used 7953K, committed 8256K, reserved 1048576K
}
Event: 11.211 GC heap after
{Heap after GC invocations=16 (full 0):
 garbage-first heap   total 61440K, used 23577K [0x00000000a0e00000, 0x0000000100000000)
  region size 1024K, 4 young (4096K), 4 survivors (4096K)
 Metaspace       used 59181K, committed 59776K, reserved 1114112K
  class space    used 7953K, committed 8256K, reserved 1048576K
}
Event: 11.311 GC heap before
{Heap before GC invocations=16 (full 0):
 garbage-first heap   total 61440K, used 26649K [0x00000000a0e00000, 0x0000000100000000)
  region size 1024K, 8 young (8192K), 4 survivors (4096K)
 Metaspace       used 59971K, committed 60480K, reserved 1114112K
  class space    used 8039K, committed 8320K, reserved 1048576K
}
Event: 11.318 GC heap after
{Heap after GC invocations=17 (full 0):
 garbage-first heap   total 61440K, used 24034K [0x00000000a0e00000, 0x0000000100000000)
  region size 1024K, 3 young (3072K), 3 survivors (3072K)
 Metaspace       used 59971K, committed 60480K, reserved 1114112K
  class space    used 8039K, committed 8320K, reserved 1048576K
}
Event: 11.957 GC heap before
{Heap before GC invocations=18 (full 0):
 garbage-first heap   total 61440K, used 45538K [0x00000000a0e00000, 0x0000000100000000)
  region size 1024K, 25 young (25600K), 3 survivors (3072K)
 Metaspace       used 63769K, committed 64320K, reserved 1114112K
  class space    used 8737K, committed 9024K, reserved 1048576K
}
Event: 11.964 GC heap after
{Heap after GC invocations=19 (full 0):
 garbage-first heap   total 61440K, used 26200K [0x00000000a0e00000, 0x0000000100000000)
  region size 1024K, 4 young (4096K), 4 survivors (4096K)
 Metaspace       used 63769K, committed 64320K, reserved 1114112K
  class space    used 8737K, committed 9024K, reserved 1048576K
}
Event: 12.005 GC heap before
{Heap before GC invocations=19 (full 0):
 garbage-first heap   total 61440K, used 27224K [0x00000000a0e00000, 0x0000000100000000)
  region size 1024K, 5 young (5120K), 4 survivors (4096K)
 Metaspace       used 63889K, committed 64448K, reserved 1114112K
  class space    used 8743K, committed 9024K, reserved 1048576K
}
Event: 12.014 GC heap after
{Heap after GC invocations=20 (full 0):
 garbage-first heap   total 61440K, used 26510K [0x00000000a0e00000, 0x0000000100000000)
  region size 1024K, 1 young (1024K), 1 survivors (1024K)
 Metaspace       used 63889K, committed 64448K, reserved 1114112K
  class space    used 8743K, committed 9024K, reserved 1048576K
}
Event: 12.317 GC heap before
{Heap before GC invocations=20 (full 0):
 garbage-first heap   total 61440K, used 45966K [0x00000000a0e00000, 0x0000000100000000)
  region size 1024K, 21 young (21504K), 1 survivors (1024K)
 Metaspace       used 65596K, committed 66112K, reserved 1114112K
  class space    used 9101K, committed 9344K, reserved 1048576K
}
Event: 12.322 GC heap after
{Heap after GC invocations=21 (full 0):
 garbage-first heap   total 61440K, used 28408K [0x00000000a0e00000, 0x0000000100000000)
  region size 1024K, 3 young (3072K), 3 survivors (3072K)
 Metaspace       used 65596K, committed 66112K, reserved 1114112K
  class space    used 9101K, committed 9344K, reserved 1048576K
}
Event: 12.467 GC heap before
{Heap before GC invocations=22 (full 0):
 garbage-first heap   total 68608K, used 46840K [0x00000000a0e00000, 0x0000000100000000)
  region size 1024K, 21 young (21504K), 3 survivors (3072K)
 Metaspace       used 65612K, committed 66176K, reserved 1114112K
  class space    used 9101K, committed 9344K, reserved 1048576K
}
Event: 12.473 GC heap after
{Heap after GC invocations=23 (full 0):
 garbage-first heap   total 68608K, used 29841K [0x00000000a0e00000, 0x0000000100000000)
  region size 1024K, 3 young (3072K), 3 survivors (3072K)
 Metaspace       used 65612K, committed 66176K, reserved 1114112K
  class space    used 9101K, committed 9344K, reserved 1048576K
}
Event: 12.478 GC heap before
{Heap before GC invocations=23 (full 0):
 garbage-first heap   total 68608K, used 30865K [0x00000000a0e00000, 0x0000000100000000)
  region size 1024K, 4 young (4096K), 3 survivors (3072K)
 Metaspace       used 65612K, committed 66176K, reserved 1114112K
  class space    used 9101K, committed 9344K, reserved 1048576K
}
Event: 12.483 GC heap after
{Heap after GC invocations=24 (full 0):
 garbage-first heap   total 68608K, used 28298K [0x00000000a0e00000, 0x0000000100000000)
  region size 1024K, 1 young (1024K), 1 survivors (1024K)
 Metaspace       used 65612K, committed 66176K, reserved 1114112K
  class space    used 9101K, committed 9344K, reserved 1048576K
}
Event: 13.369 GC heap before
{Heap before GC invocations=24 (full 0):
 garbage-first heap   total 68608K, used 50826K [0x00000000a0e00000, 0x0000000100000000)
  region size 1024K, 24 young (24576K), 1 survivors (1024K)
 Metaspace       used 68396K, committed 68992K, reserved 1114112K
  class space    used 9457K, committed 9728K, reserved 1048576K
}
Event: 13.375 GC heap after
{Heap after GC invocations=25 (full 0):
 garbage-first heap   total 182272K, used 29723K [0x00000000a0e00000, 0x0000000100000000)
  region size 1024K, 2 young (2048K), 2 survivors (2048K)
 Metaspace       used 68396K, committed 68992K, reserved 1114112K
  class space    used 9457K, committed 9728K, reserved 1048576K
}

