# JRE version: OpenJDK Runtime Environment Corretto-17.0.13.11.1 (17.0.13+11) (build 17.0.13+11-LTS)
# Java VM: OpenJDK 64-Bit Server VM Corretto-17.0.13.11.1 (17.0.13+11-LTS, mixed mode, sharing, tiered, compressed oops, compressed class ptrs, g1 gc, windows-amd64)
GC Precious Log:
 CPUs: 4 total, 4 available
 Memory: 6080M
 Large Page Support: Disabled
 NUMA Support: Disabled
 Compressed Oops: Enabled (32-bit)
 Heap Region Size: 1M
 Heap Min Capacity: 8M
 Heap Initial Capacity: 96M
 Heap Max Capacity: 1522M
 Pre-touch: Disabled
 Parallel Workers: 4
 Concurrent Workers: 1
 Concurrent Refinement Workers: 4
 Periodic GC: Disabled
Heap:
 garbage-first heap   total 61440K, used 40473K [0x00000000a0e00000, 0x0000000100000000)
  region size 1024K, 8 young (8192K), 1 survivors (1024K)
 Metaspace       used 76866K, committed 77504K, reserved 1179648K
  class space    used 10450K, committed 10752K, reserved 1048576K
GC Heap History (20 events):
Event: 11.346 GC heap before
{Heap before GC invocations=14 (full 0):
 garbage-first heap   total 51200K, used 39260K [0x00000000a0e00000, 0x0000000100000000)
  region size 1024K, 20 young (20480K), 1 survivors (1024K)
 Metaspace       used 48985K, committed 49344K, reserved 1114112K
  class space    used 6364K, committed 6528K, reserved 1048576K
}
Event: 11.349 GC heap after
{Heap after GC invocations=15 (full 0):
 garbage-first heap   total 61440K, used 21427K [0x00000000a0e00000, 0x0000000100000000)
  region size 1024K, 2 young (2048K), 2 survivors (2048K)
 Metaspace       used 48985K, committed 49344K, reserved 1114112K
  class space    used 6364K, committed 6528K, reserved 1048576K
}
Event: 12.168 GC heap before
{Heap before GC invocations=15 (full 0):
 garbage-first heap   total 61440K, used 46003K [0x00000000a0e00000, 0x0000000100000000)
  region size 1024K, 27 young (27648K), 2 survivors (2048K)
 Metaspace       used 55109K, committed 55552K, reserved 1114112K
  class space    used 7374K, committed 7552K, reserved 1048576K
}
Event: 12.171 GC heap after
{Heap after GC invocations=16 (full 0):
 garbage-first heap   total 61440K, used 22144K [0x00000000a0e00000, 0x0000000100000000)
  region size 1024K, 2 young (2048K), 2 survivors (2048K)
 Metaspace       used 55109K, committed 55552K, reserved 1114112K
  class space    used 7374K, committed 7552K, reserved 1048576K
}
Event: 12.823 GC heap before
{Heap before GC invocations=16 (full 0):
 garbage-first heap   total 61440K, used 42624K [0x00000000a0e00000, 0x0000000100000000)
  region size 1024K, 24 young (24576K), 2 survivors (2048K)
 Metaspace       used 59884K, committed 60416K, reserved 1114112K
  class space    used 8035K, committed 8320K, reserved 1048576K
}
Event: 12.829 GC heap after
{Heap after GC invocations=17 (full 0):
 garbage-first heap   total 61440K, used 23841K [0x00000000a0e00000, 0x0000000100000000)
  region size 1024K, 4 young (4096K), 4 survivors (4096K)
 Metaspace       used 59884K, committed 60416K, reserved 1114112K
  class space    used 8035K, committed 8320K, reserved 1048576K
}
Event: 13.788 GC heap before
{Heap before GC invocations=18 (full 0):
 garbage-first heap   total 61440K, used 47393K [0x00000000a0e00000, 0x0000000100000000)
  region size 1024K, 28 young (28672K), 4 survivors (4096K)
 Metaspace       used 63887K, committed 64448K, reserved 1114112K
  class space    used 8742K, committed 9024K, reserved 1048576K
}
Event: 13.799 GC heap after
{Heap after GC invocations=19 (full 0):
 garbage-first heap   total 61440K, used 26170K [0x00000000a0e00000, 0x0000000100000000)
  region size 1024K, 4 young (4096K), 4 survivors (4096K)
 Metaspace       used 63887K, committed 64448K, reserved 1114112K
  class space    used 8742K, committed 9024K, reserved 1048576K
}
Event: 14.224 GC heap before
{Heap before GC invocations=19 (full 0):
 garbage-first heap   total 61440K, used 47674K [0x00000000a0e00000, 0x0000000100000000)
  region size 1024K, 26 young (26624K), 4 survivors (4096K)
 Metaspace       used 65553K, committed 66048K, reserved 1114112K
  class space    used 9098K, committed 9344K, reserved 1048576K
}
Event: 14.233 GC heap after
{Heap after GC invocations=20 (full 0):
 garbage-first heap   total 61440K, used 27821K [0x00000000a0e00000, 0x0000000100000000)
  region size 1024K, 2 young (2048K), 2 survivors (2048K)
 Metaspace       used 65553K, committed 66048K, reserved 1114112K
  class space    used 9098K, committed 9344K, reserved 1048576K
}
Event: 14.508 GC heap before
{Heap before GC invocations=20 (full 0):
 garbage-first heap   total 61440K, used 48301K [0x00000000a0e00000, 0x0000000100000000)
  region size 1024K, 23 young (23552K), 2 survivors (2048K)
 Metaspace       used 66956K, committed 67456K, reserved 1114112K
  class space    used 9283K, committed 9536K, reserved 1048576K
}
Event: 14.514 GC heap after
{Heap after GC invocations=21 (full 0):
 garbage-first heap   total 61440K, used 28022K [0x00000000a0e00000, 0x0000000100000000)
  region size 1024K, 3 young (3072K), 3 survivors (3072K)
 Metaspace       used 66956K, committed 67456K, reserved 1114112K
  class space    used 9283K, committed 9536K, reserved 1048576K
}
Event: 15.205 GC heap before
{Heap before GC invocations=21 (full 0):
 garbage-first heap   total 61440K, used 48502K [0x00000000a0e00000, 0x0000000100000000)
  region size 1024K, 23 young (23552K), 3 survivors (3072K)
 Metaspace       used 68491K, committed 69056K, reserved 1114112K
  class space    used 9466K, committed 9728K, reserved 1048576K
}
Event: 15.211 GC heap after
{Heap after GC invocations=22 (full 0):
 garbage-first heap   total 61440K, used 29969K [0x00000000a0e00000, 0x0000000100000000)
  region size 1024K, 3 young (3072K), 3 survivors (3072K)
 Metaspace       used 68491K, committed 69056K, reserved 1114112K
  class space    used 9466K, committed 9728K, reserved 1048576K
}
Event: 32.011 GC heap before
{Heap before GC invocations=22 (full 0):
 garbage-first heap   total 61440K, used 49425K [0x00000000a0e00000, 0x0000000100000000)
  region size 1024K, 22 young (22528K), 3 survivors (3072K)
 Metaspace       used 71052K, committed 71616K, reserved 1114112K
  class space    used 9806K, committed 10112K, reserved 1048576K
}
Event: 32.021 GC heap after
{Heap after GC invocations=23 (full 0):
 garbage-first heap   total 61440K, used 31604K [0x00000000a0e00000, 0x0000000100000000)
  region size 1024K, 2 young (2048K), 2 survivors (2048K)
 Metaspace       used 71052K, committed 71616K, reserved 1114112K
  class space    used 9806K, committed 10112K, reserved 1048576K
}
Event: 33.727 GC heap before
{Heap before GC invocations=23 (full 0):
 garbage-first heap   total 61440K, used 49012K [0x00000000a0e00000, 0x0000000100000000)
  region size 1024K, 20 young (20480K), 2 survivors (2048K)
 Metaspace       used 74489K, committed 75008K, reserved 1114112K
  class space    used 10308K, committed 10560K, reserved 1048576K
}
Event: 33.738 GC heap after
{Heap after GC invocations=24 (full 0):
 garbage-first heap   total 61440K, used 33753K [0x00000000a0e00000, 0x0000000100000000)
  region size 1024K, 3 young (3072K), 3 survivors (3072K)
 Metaspace       used 74489K, committed 75008K, reserved 1114112K
  class space    used 10308K, committed 10560K, reserved 1048576K
}
Event: 72.054 GC heap before
{Heap before GC invocations=25 (full 0):
 garbage-first heap   total 61440K, used 49113K [0x00000000a0e00000, 0x0000000100000000)
  region size 1024K, 18 young (18432K), 3 survivors (3072K)
 Metaspace       used 76532K, committed 77184K, reserved 1179648K
  class space    used 10450K, committed 10752K, reserved 1048576K
}
Event: 72.059 GC heap after
{Heap after GC invocations=26 (full 0):
 garbage-first heap   total 61440K, used 34329K [0x00000000a0e00000, 0x0000000100000000)
  region size 1024K, 1 young (1024K), 1 survivors (1024K)
 Metaspace       used 76532K, committed 77184K, reserved 1179648K
  class space    used 10450K, committed 10752K, reserved 1048576K
}

