# JRE version: OpenJDK Runtime Environment Corretto-17.0.13.11.1 (17.0.13+11) (build 17.0.13+11-LTS)
# Java VM: OpenJDK 64-Bit Server VM Corretto-17.0.13.11.1 (17.0.13+11-LTS, mixed mode, sharing, tiered, compressed oops, compressed class ptrs, g1 gc, windows-amd64)
GC Precious Log:
 CPUs: 4 total, 4 available
 Memory: 6080M
 Large Page Support: Disabled
 NUMA Support: Disabled
 Compressed Oops: Enabled (32-bit)
 Heap Region Size: 1M
 Heap Min Capacity: 8M
 Heap Initial Capacity: 96M
 Heap Max Capacity: 1522M
 Pre-touch: Disabled
 Parallel Workers: 4
 Concurrent Workers: 1
 Concurrent Refinement Workers: 4
 Periodic GC: Disabled
Heap:
 garbage-first heap   total 56320K, used 33782K [0x00000000a0e00000, 0x0000000100000000)
  region size 1024K, 3 young (3072K), 2 survivors (2048K)
 Metaspace       used 70334K, committed 70912K, reserved 1114112K
  class space    used 9728K, committed 9984K, reserved 1048576K
GC Heap History (20 events):
Event: 14.354 GC heap before
{Heap before GC invocations=15 (full 0):
 garbage-first heap   total 51200K, used 39265K [0x00000000a0e00000, 0x0000000100000000)
  region size 1024K, 19 young (19456K), 2 survivors (2048K)
 Metaspace       used 59633K, committed 60160K, reserved 1114112K
  class space    used 8017K, committed 8256K, reserved 1048576K
}
Event: 14.359 GC heap after
{Heap after GC invocations=16 (full 0):
 garbage-first heap   total 51200K, used 24259K [0x00000000a0e00000, 0x0000000100000000)
  region size 1024K, 3 young (3072K), 3 survivors (3072K)
 Metaspace       used 59633K, committed 60160K, reserved 1114112K
  class space    used 8017K, committed 8256K, reserved 1048576K
}
Event: 14.379 GC heap before
{Heap before GC invocations=16 (full 0):
 garbage-first heap   total 51200K, used 24259K [0x00000000a0e00000, 0x0000000100000000)
  region size 1024K, 4 young (4096K), 3 survivors (3072K)
 Metaspace       used 59966K, committed 60480K, reserved 1114112K
  class space    used 8039K, committed 8320K, reserved 1048576K
}
Event: 14.384 GC heap after
{Heap after GC invocations=17 (full 0):
 garbage-first heap   total 51200K, used 24389K [0x00000000a0e00000, 0x0000000100000000)
  region size 1024K, 2 young (2048K), 2 survivors (2048K)
 Metaspace       used 59966K, committed 60480K, reserved 1114112K
  class space    used 8039K, committed 8320K, reserved 1048576K
}
Event: 15.886 GC heap before
{Heap before GC invocations=18 (full 0):
 garbage-first heap   total 51200K, used 40773K [0x00000000a0e00000, 0x0000000100000000)
  region size 1024K, 18 young (18432K), 2 survivors (2048K)
 Metaspace       used 62507K, committed 63040K, reserved 1114112K
  class space    used 8449K, committed 8704K, reserved 1048576K
}
Event: 15.892 GC heap after
{Heap after GC invocations=19 (full 0):
 garbage-first heap   total 51200K, used 25677K [0x00000000a0e00000, 0x0000000100000000)
  region size 1024K, 3 young (3072K), 3 survivors (3072K)
 Metaspace       used 62507K, committed 63040K, reserved 1114112K
  class space    used 8449K, committed 8704K, reserved 1048576K
}
Event: 16.629 GC heap before
{Heap before GC invocations=19 (full 0):
 garbage-first heap   total 51200K, used 40013K [0x00000000a0e00000, 0x0000000100000000)
  region size 1024K, 18 young (18432K), 3 survivors (3072K)
 Metaspace       used 64235K, committed 64768K, reserved 1114112K
  class space    used 8769K, committed 9024K, reserved 1048576K
}
Event: 16.646 GC heap after
{Heap after GC invocations=20 (full 0):
 garbage-first heap   total 51200K, used 26628K [0x00000000a0e00000, 0x0000000100000000)
  region size 1024K, 3 young (3072K), 3 survivors (3072K)
 Metaspace       used 64235K, committed 64768K, reserved 1114112K
  class space    used 8769K, committed 9024K, reserved 1048576K
}
Event: 17.379 GC heap before
{Heap before GC invocations=21 (full 0):
 garbage-first heap   total 51200K, used 40964K [0x00000000a0e00000, 0x0000000100000000)
  region size 1024K, 17 young (17408K), 3 survivors (3072K)
 Metaspace       used 65479K, committed 65984K, reserved 1114112K
  class space    used 9091K, committed 9344K, reserved 1048576K
}
Event: 17.388 GC heap after
{Heap after GC invocations=22 (full 0):
 garbage-first heap   total 51200K, used 27884K [0x00000000a0e00000, 0x0000000100000000)
  region size 1024K, 3 young (3072K), 3 survivors (3072K)
 Metaspace       used 65479K, committed 65984K, reserved 1114112K
  class space    used 9091K, committed 9344K, reserved 1048576K
}
Event: 17.830 GC heap before
{Heap before GC invocations=22 (full 0):
 garbage-first heap   total 51200K, used 39148K [0x00000000a0e00000, 0x0000000100000000)
  region size 1024K, 15 young (15360K), 3 survivors (3072K)
 Metaspace       used 66775K, committed 67328K, reserved 1114112K
  class space    used 9265K, committed 9536K, reserved 1048576K
}
Event: 17.835 GC heap after
{Heap after GC invocations=23 (full 0):
 garbage-first heap   total 51200K, used 28361K [0x00000000a0e00000, 0x0000000100000000)
  region size 1024K, 1 young (1024K), 1 survivors (1024K)
 Metaspace       used 66775K, committed 67328K, reserved 1114112K
  class space    used 9265K, committed 9536K, reserved 1048576K
}
Event: 18.089 GC heap before
{Heap before GC invocations=24 (full 0):
 garbage-first heap   total 53248K, used 41673K [0x00000000a0e00000, 0x0000000100000000)
  region size 1024K, 14 young (14336K), 1 survivors (1024K)
 Metaspace       used 66872K, committed 67456K, reserved 1114112K
  class space    used 9273K, committed 9536K, reserved 1048576K
}
Event: 18.093 GC heap after
{Heap after GC invocations=25 (full 0):
 garbage-first heap   total 53248K, used 29949K [0x00000000a0e00000, 0x0000000100000000)
  region size 1024K, 2 young (2048K), 2 survivors (2048K)
 Metaspace       used 66872K, committed 67456K, reserved 1114112K
  class space    used 9273K, committed 9536K, reserved 1048576K
}
Event: 18.673 GC heap before
{Heap before GC invocations=25 (full 0):
 garbage-first heap   total 53248K, used 42237K [0x00000000a0e00000, 0x0000000100000000)
  region size 1024K, 14 young (14336K), 2 survivors (2048K)
 Metaspace       used 67862K, committed 68416K, reserved 1114112K
  class space    used 9404K, committed 9664K, reserved 1048576K
}
Event: 18.680 GC heap after
{Heap after GC invocations=26 (full 0):
 garbage-first heap   total 53248K, used 31585K [0x00000000a0e00000, 0x0000000100000000)
  region size 1024K, 2 young (2048K), 2 survivors (2048K)
 Metaspace       used 67862K, committed 68416K, reserved 1114112K
  class space    used 9404K, committed 9664K, reserved 1048576K
}
Event: 19.356 GC heap before
{Heap before GC invocations=27 (full 0):
 garbage-first heap   total 56320K, used 41825K [0x00000000a0e00000, 0x0000000100000000)
  region size 1024K, 12 young (12288K), 2 survivors (2048K)
 Metaspace       used 68878K, committed 69440K, reserved 1114112K
  class space    used 9529K, committed 9792K, reserved 1048576K
}
Event: 19.363 GC heap after
{Heap after GC invocations=28 (full 0):
 garbage-first heap   total 56320K, used 32816K [0x00000000a0e00000, 0x0000000100000000)
  region size 1024K, 2 young (2048K), 2 survivors (2048K)
 Metaspace       used 68878K, committed 69440K, reserved 1114112K
  class space    used 9529K, committed 9792K, reserved 1048576K
}
Event: 20.457 GC heap before
{Heap before GC invocations=28 (full 0):
 garbage-first heap   total 56320K, used 44080K [0x00000000a0e00000, 0x0000000100000000)
  region size 1024K, 13 young (13312K), 2 survivors (2048K)
 Metaspace       used 70300K, committed 70784K, reserved 1114112K
  class space    used 9719K, committed 9920K, reserved 1048576K
}
Event: 20.469 GC heap after
{Heap after GC invocations=29 (full 0):
 garbage-first heap   total 56320K, used 33782K [0x00000000a0e00000, 0x0000000100000000)
  region size 1024K, 2 young (2048K), 2 survivors (2048K)
 Metaspace       used 70300K, committed 70784K, reserved 1114112K
  class space    used 9719K, committed 9920K, reserved 1048576K
}

