# JRE version: OpenJDK Runtime Environment Corretto-17.0.13.11.1 (17.0.13+11) (build 17.0.13+11-LTS)
# Java VM: OpenJDK 64-Bit Server VM Corretto-17.0.13.11.1 (17.0.13+11-LTS, mixed mode, sharing, tiered, compressed oops, compressed class ptrs, g1 gc, windows-amd64)
GC Precious Log:
 CPUs: 4 total, 4 available
 Memory: 6080M
 Large Page Support: Disabled
 NUMA Support: Disabled
 Compressed Oops: Enabled (32-bit)
 Heap Region Size: 1M
 Heap Min Capacity: 8M
 Heap Initial Capacity: 96M
 Heap Max Capacity: 512M
 Pre-touch: Disabled
 Parallel Workers: 4
 Concurrent Workers: 1
 Concurrent Refinement Workers: 4
 Periodic GC: Disabled
Heap:
 garbage-first heap   total 66560K, used 42110K [0x00000000e0000000, 0x0000000100000000)
  region size 1024K, 9 young (9216K), 2 survivors (2048K)
 Metaspace       used 73693K, committed 74176K, reserved 1114112K
  class space    used 10403K, committed 10624K, reserved 1048576K
GC Heap History (20 events):
Event: 17.719 GC heap before
{Heap before GC invocations=20 (full 0):
 garbage-first heap   total 48128K, used 37813K [0x00000000e0000000, 0x0000000100000000)
  region size 1024K, 15 young (15360K), 2 survivors (2048K)
 Metaspace       used 57985K, committed 58496K, reserved 1114112K
  class space    used 8014K, committed 8256K, reserved 1048576K
}
Event: 17.722 GC heap after
{Heap after GC invocations=21 (full 0):
 garbage-first heap   total 48128K, used 24838K [0x00000000e0000000, 0x0000000100000000)
  region size 1024K, 2 young (2048K), 2 survivors (2048K)
 Metaspace       used 57985K, committed 58496K, reserved 1114112K
  class space    used 8014K, committed 8256K, reserved 1048576K
}
Event: 18.503 GC heap before
{Heap before GC invocations=21 (full 0):
 garbage-first heap   total 48128K, used 38150K [0x00000000e0000000, 0x0000000100000000)
  region size 1024K, 15 young (15360K), 2 survivors (2048K)
 Metaspace       used 60505K, committed 60992K, reserved 1114112K
  class space    used 8356K, committed 8576K, reserved 1048576K
}
Event: 18.509 GC heap after
{Heap after GC invocations=22 (full 0):
 garbage-first heap   total 48128K, used 25844K [0x00000000e0000000, 0x0000000100000000)
  region size 1024K, 2 young (2048K), 2 survivors (2048K)
 Metaspace       used 60505K, committed 60992K, reserved 1114112K
  class space    used 8356K, committed 8576K, reserved 1048576K
}
Event: 19.234 GC heap before
{Heap before GC invocations=23 (full 0):
 garbage-first heap   total 48128K, used 39156K [0x00000000e0000000, 0x0000000100000000)
  region size 1024K, 15 young (15360K), 2 survivors (2048K)
 Metaspace       used 62670K, committed 63168K, reserved 1114112K
  class space    used 8663K, committed 8896K, reserved 1048576K
}
Event: 19.241 GC heap after
{Heap after GC invocations=24 (full 0):
 garbage-first heap   total 48128K, used 26829K [0x00000000e0000000, 0x0000000100000000)
  region size 1024K, 2 young (2048K), 2 survivors (2048K)
 Metaspace       used 62670K, committed 63168K, reserved 1114112K
  class space    used 8663K, committed 8896K, reserved 1048576K
}
Event: 19.778 GC heap before
{Heap before GC invocations=24 (full 0):
 garbage-first heap   total 48128K, used 39117K [0x00000000e0000000, 0x0000000100000000)
  region size 1024K, 14 young (14336K), 2 survivors (2048K)
 Metaspace       used 64970K, committed 65536K, reserved 1114112K
  class space    used 9032K, committed 9280K, reserved 1048576K
}
Event: 19.784 GC heap after
{Heap after GC invocations=25 (full 0):
 garbage-first heap   total 48128K, used 28176K [0x00000000e0000000, 0x0000000100000000)
  region size 1024K, 2 young (2048K), 2 survivors (2048K)
 Metaspace       used 64970K, committed 65536K, reserved 1114112K
  class space    used 9032K, committed 9280K, reserved 1048576K
}
Event: 20.317 GC heap before
{Heap before GC invocations=26 (full 0):
 garbage-first heap   total 51200K, used 37392K [0x00000000e0000000, 0x0000000100000000)
  region size 1024K, 12 young (12288K), 2 survivors (2048K)
 Metaspace       used 65531K, committed 66048K, reserved 1114112K
  class space    used 9144K, committed 9408K, reserved 1048576K
}
Event: 20.321 GC heap after
{Heap after GC invocations=27 (full 0):
 garbage-first heap   total 51200K, used 28720K [0x00000000e0000000, 0x0000000100000000)
  region size 1024K, 2 young (2048K), 2 survivors (2048K)
 Metaspace       used 65531K, committed 66048K, reserved 1114112K
  class space    used 9144K, committed 9408K, reserved 1048576K
}
Event: 20.891 GC heap before
{Heap before GC invocations=27 (full 0):
 garbage-first heap   total 51200K, used 41008K [0x00000000e0000000, 0x0000000100000000)
  region size 1024K, 15 young (15360K), 2 survivors (2048K)
 Metaspace       used 67136K, committed 67712K, reserved 1114112K
  class space    used 9497K, committed 9792K, reserved 1048576K
}
Event: 20.898 GC heap after
{Heap after GC invocations=28 (full 0):
 garbage-first heap   total 51200K, used 31013K [0x00000000e0000000, 0x0000000100000000)
  region size 1024K, 2 young (2048K), 2 survivors (2048K)
 Metaspace       used 67136K, committed 67712K, reserved 1114112K
  class space    used 9497K, committed 9792K, reserved 1048576K
}
Event: 21.025 GC heap before
{Heap before GC invocations=29 (full 0):
 garbage-first heap   total 66560K, used 41253K [0x00000000e0000000, 0x0000000100000000)
  region size 1024K, 12 young (12288K), 2 survivors (2048K)
 Metaspace       used 67154K, committed 67712K, reserved 1114112K
  class space    used 9497K, committed 9792K, reserved 1048576K
}
Event: 21.032 GC heap after
{Heap after GC invocations=30 (full 0):
 garbage-first heap   total 66560K, used 31650K [0x00000000e0000000, 0x0000000100000000)
  region size 1024K, 1 young (1024K), 1 survivors (1024K)
 Metaspace       used 67154K, committed 67712K, reserved 1114112K
  class space    used 9497K, committed 9792K, reserved 1048576K
}
Event: 21.559 GC heap before
{Heap before GC invocations=30 (full 0):
 garbage-first heap   total 66560K, used 51106K [0x00000000e0000000, 0x0000000100000000)
  region size 1024K, 21 young (21504K), 1 survivors (1024K)
 Metaspace       used 68539K, committed 69120K, reserved 1114112K
  class space    used 9678K, committed 9984K, reserved 1048576K
}
Event: 21.565 GC heap after
{Heap after GC invocations=31 (full 0):
 garbage-first heap   total 66560K, used 33822K [0x00000000e0000000, 0x0000000100000000)
  region size 1024K, 3 young (3072K), 3 survivors (3072K)
 Metaspace       used 68539K, committed 69120K, reserved 1114112K
  class space    used 9678K, committed 9984K, reserved 1048576K
}
Event: 22.464 GC heap before
{Heap before GC invocations=32 (full 0):
 garbage-first heap   total 66560K, used 52254K [0x00000000e0000000, 0x0000000100000000)
  region size 1024K, 21 young (21504K), 3 survivors (3072K)
 Metaspace       used 70581K, committed 71168K, reserved 1114112K
  class space    used 9965K, committed 10240K, reserved 1048576K
}
Event: 22.470 GC heap after
{Heap after GC invocations=33 (full 0):
 garbage-first heap   total 66560K, used 34169K [0x00000000e0000000, 0x0000000100000000)
  region size 1024K, 2 young (2048K), 2 survivors (2048K)
 Metaspace       used 70581K, committed 71168K, reserved 1114112K
  class space    used 9965K, committed 10240K, reserved 1048576K
}
Event: 23.341 GC heap before
{Heap before GC invocations=33 (full 0):
 garbage-first heap   total 66560K, used 52601K [0x00000000e0000000, 0x0000000100000000)
  region size 1024K, 20 young (20480K), 2 survivors (2048K)
 Metaspace       used 72699K, committed 73216K, reserved 1114112K
  class space    used 10253K, committed 10496K, reserved 1048576K
}
Event: 23.348 GC heap after
{Heap after GC invocations=34 (full 0):
 garbage-first heap   total 66560K, used 35966K [0x00000000e0000000, 0x0000000100000000)
  region size 1024K, 2 young (2048K), 2 survivors (2048K)
 Metaspace       used 72699K, committed 73216K, reserved 1114112K
  class space    used 10253K, committed 10496K, reserved 1048576K
}

