# JRE version: Java(TM) SE Runtime Environment (18.0+36) (build 18+36-2087)
# Java VM: Java HotSpot(TM) 64-Bit Server VM (18+36-2087, mixed mode, sharing, tiered, compressed oops, compressed class ptrs, g1 gc, windows-amd64)
GC Precious Log:
 CardTable entry size: 512
 Card Set container configuration: InlinePtr #cards 5 size 8 Array Of Cards #cards 12 size 40 Howl #buckets 4 coarsen threshold 1843 Howl Bitmap #cards 512 size 80 coarsen threshold 460 Card regions per heap region 1 cards per card region 2048
 CPUs: 4 total, 4 available
 Memory: 6080M
 Large Page Support: Disabled
 NUMA Support: Disabled
 Compressed Oops: Enabled (32-bit)
 Heap Region Size: 1M
 Heap Min Capacity: 256M
 Heap Initial Capacity: 256M
 Heap Max Capacity: 512M
 Pre-touch: Disabled
 Parallel Workers: 4
 Concurrent Workers: 1
 Concurrent Refinement Workers: 4
 Periodic GC: Disabled
Heap:
 garbage-first heap   total 262144K, used 176404K [0x00000000e0000000, 0x0000000100000000)
  region size 1024K, 125 young (128000K), 9 survivors (9216K)
 Metaspace       used 64337K, committed 66496K, reserved 380928K
  class space    used 8806K, committed 9920K, reserved 315392K
GC Heap History (20 events):
Event: 12.839 GC heap before
{Heap before GC invocations=3 (full 0):
 garbage-first heap   total 262144K, used 37247K [0x00000000e0000000, 0x0000000100000000)
  region size 1024K, 30 young (30720K), 15 survivors (15360K)
 Metaspace       used 20792K, committed 21504K, reserved 380928K
  class space    used 2998K, committed 3392K, reserved 315392K
}
Event: 12.869 GC heap after
{Heap after GC invocations=4 (full 0):
 garbage-first heap   total 262144K, used 24261K [0x00000000e0000000, 0x0000000100000000)
  region size 1024K, 2 young (2048K), 2 survivors (2048K)
 Metaspace       used 20792K, committed 21504K, reserved 380928K
  class space    used 2998K, committed 3392K, reserved 315392K
}
Event: 17.890 GC heap before
{Heap before GC invocations=5 (full 0):
 garbage-first heap   total 262144K, used 118469K [0x00000000e0000000, 0x0000000100000000)
  region size 1024K, 96 young (98304K), 2 survivors (2048K)
 Metaspace       used 34711K, committed 35968K, reserved 380928K
  class space    used 5010K, committed 5696K, reserved 315392K
}
Event: 17.903 GC heap after
{Heap after GC invocations=6 (full 0):
 garbage-first heap   total 262144K, used 30308K [0x00000000e0000000, 0x0000000100000000)
  region size 1024K, 8 young (8192K), 8 survivors (8192K)
 Metaspace       used 34711K, committed 35968K, reserved 380928K
  class space    used 5010K, committed 5696K, reserved 315392K
}
Event: 25.438 GC heap before
{Heap before GC invocations=7 (full 0):
 garbage-first heap   total 262144K, used 184932K [0x00000000e0000000, 0x0000000100000000)
  region size 1024K, 153 young (156672K), 8 survivors (8192K)
 Metaspace       used 48829K, committed 50560K, reserved 380928K
  class space    used 6919K, committed 7808K, reserved 315392K
}
Event: 25.472 GC heap after
{Heap after GC invocations=8 (full 0):
 garbage-first heap   total 262144K, used 39991K [0x00000000e0000000, 0x0000000100000000)
  region size 1024K, 17 young (17408K), 17 survivors (17408K)
 Metaspace       used 48829K, committed 50560K, reserved 380928K
  class space    used 6919K, committed 7808K, reserved 315392K
}
Event: 25.497 GC heap before
{Heap before GC invocations=8 (full 0):
 garbage-first heap   total 262144K, used 41015K [0x00000000e0000000, 0x0000000100000000)
  region size 1024K, 18 young (18432K), 17 survivors (17408K)
 Metaspace       used 48915K, committed 50624K, reserved 380928K
  class space    used 6937K, committed 7808K, reserved 315392K
}
Event: 25.521 GC heap after
{Heap after GC invocations=9 (full 0):
 garbage-first heap   total 262144K, used 41011K [0x00000000e0000000, 0x0000000100000000)
  region size 1024K, 2 young (2048K), 2 survivors (2048K)
 Metaspace       used 48915K, committed 50624K, reserved 380928K
  class space    used 6937K, committed 7808K, reserved 315392K
}
Event: 36.589 GC heap before
{Heap before GC invocations=9 (full 0):
 garbage-first heap   total 262144K, used 194611K [0x00000000e0000000, 0x0000000100000000)
  region size 1024K, 153 young (156672K), 2 survivors (2048K)
 Metaspace       used 56714K, committed 58752K, reserved 380928K
  class space    used 7966K, committed 9024K, reserved 315392K
}
Event: 36.610 GC heap after
{Heap after GC invocations=10 (full 0):
 garbage-first heap   total 262144K, used 51251K [0x00000000e0000000, 0x0000000100000000)
  region size 1024K, 12 young (12288K), 12 survivors (12288K)
 Metaspace       used 56714K, committed 58752K, reserved 380928K
  class space    used 7966K, committed 9024K, reserved 315392K
}
Event: 42.364 GC heap before
{Heap before GC invocations=10 (full 0):
 garbage-first heap   total 262144K, used 94259K [0x00000000e0000000, 0x0000000100000000)
  region size 1024K, 55 young (56320K), 12 survivors (12288K)
 Metaspace       used 58130K, committed 60160K, reserved 380928K
  class space    used 8175K, committed 9216K, reserved 315392K
}
Event: 42.386 GC heap after
{Heap after GC invocations=11 (full 0):
 garbage-first heap   total 262144K, used 51566K [0x00000000e0000000, 0x0000000100000000)
  region size 1024K, 2 young (2048K), 2 survivors (2048K)
 Metaspace       used 58130K, committed 60160K, reserved 380928K
  class space    used 8175K, committed 9216K, reserved 315392K
}
Event: 254.875 GC heap before
{Heap before GC invocations=12 (full 0):
 garbage-first heap   total 262144K, used 205166K [0x00000000e0000000, 0x0000000100000000)
  region size 1024K, 153 young (156672K), 2 survivors (2048K)
 Metaspace       used 62372K, committed 64512K, reserved 380928K
  class space    used 8764K, committed 9856K, reserved 315392K
}
Event: 254.961 GC heap after
{Heap after GC invocations=13 (full 0):
 garbage-first heap   total 262144K, used 58775K [0x00000000e0000000, 0x0000000100000000)
  region size 1024K, 9 young (9216K), 9 survivors (9216K)
 Metaspace       used 62372K, committed 64512K, reserved 380928K
  class space    used 8764K, committed 9856K, reserved 315392K
}
Event: 709.413 GC heap before
{Heap before GC invocations=13 (full 0):
 garbage-first heap   total 262144K, used 205207K [0x00000000e0000000, 0x0000000100000000)
  region size 1024K, 153 young (156672K), 9 survivors (9216K)
 Metaspace       used 63362K, committed 65472K, reserved 380928K
  class space    used 8797K, committed 9920K, reserved 315392K
}
Event: 709.507 GC heap after
{Heap after GC invocations=14 (full 0):
 garbage-first heap   total 262144K, used 57524K [0x00000000e0000000, 0x0000000100000000)
  region size 1024K, 8 young (8192K), 8 survivors (8192K)
 Metaspace       used 63362K, committed 65472K, reserved 380928K
  class space    used 8797K, committed 9920K, reserved 315392K
}
Event: 1243.717 GC heap before
{Heap before GC invocations=14 (full 0):
 garbage-first heap   total 262144K, used 206004K [0x00000000e0000000, 0x0000000100000000)
  region size 1024K, 153 young (156672K), 8 survivors (8192K)
 Metaspace       used 63818K, committed 65984K, reserved 380928K
  class space    used 8800K, committed 9920K, reserved 315392K
}
Event: 1243.810 GC heap after
{Heap after GC invocations=15 (full 0):
 garbage-first heap   total 262144K, used 59193K [0x00000000e0000000, 0x0000000100000000)
  region size 1024K, 10 young (10240K), 10 survivors (10240K)
 Metaspace       used 63818K, committed 65984K, reserved 380928K
  class space    used 8800K, committed 9920K, reserved 315392K
}
Event: 1723.993 GC heap before
{Heap before GC invocations=15 (full 0):
 garbage-first heap   total 262144K, used 204601K [0x00000000e0000000, 0x0000000100000000)
  region size 1024K, 153 young (156672K), 10 survivors (10240K)
 Metaspace       used 64146K, committed 66240K, reserved 380928K
  class space    used 8804K, committed 9920K, reserved 315392K
}
Event: 1724.073 GC heap after
{Heap after GC invocations=16 (full 0):
 garbage-first heap   total 262144K, used 58644K [0x00000000e0000000, 0x0000000100000000)
  region size 1024K, 9 young (9216K), 9 survivors (9216K)
 Metaspace       used 64146K, committed 66240K, reserved 380928K
  class space    used 8804K, committed 9920K, reserved 315392K
}

